{"/home/wajeeh/basic-express-server/src/server.js": {"path":"/home/wajeeh/basic-express-server/src/server.js","statementMap":{"0":{"start":{"line":1,"column":16},"end":{"line":1,"column":34}},"1":{"start":{"line":2,"column":21},"end":{"line":2,"column":52}},"2":{"start":{"line":3,"column":15},"end":{"line":3,"column":45}},"3":{"start":{"line":4,"column":18},"end":{"line":4,"column":51}},"4":{"start":{"line":5,"column":17},"end":{"line":5,"column":48}},"5":{"start":{"line":6,"column":12},"end":{"line":6,"column":21}},"6":{"start":{"line":8,"column":0},"end":{"line":8,"column":15}},"7":{"start":{"line":11,"column":0},"end":{"line":15,"column":2}},"8":{"start":{"line":12,"column":4},"end":{"line":14,"column":6}},"9":{"start":{"line":18,"column":0},"end":{"line":18,"column":22}},"10":{"start":{"line":19,"column":0},"end":{"line":19,"column":23}},"11":{"start":{"line":22,"column":4},"end":{"line":24,"column":6}},"12":{"start":{"line":23,"column":8},"end":{"line":23,"column":52}},"13":{"start":{"line":26,"column":0},"end":{"line":29,"column":1}}},"fnMap":{"0":{"name":"(anonymous_0)","decl":{"start":{"line":11,"column":30},"end":{"line":11,"column":31}},"loc":{"start":{"line":11,"column":44},"end":{"line":15,"column":1}},"line":11},"1":{"name":"start","decl":{"start":{"line":21,"column":9},"end":{"line":21,"column":14}},"loc":{"start":{"line":21,"column":21},"end":{"line":25,"column":1}},"line":21},"2":{"name":"(anonymous_2)","decl":{"start":{"line":22,"column":21},"end":{"line":22,"column":22}},"loc":{"start":{"line":22,"column":27},"end":{"line":24,"column":5}},"line":22}},"branchMap":{},"s":{"0":2,"1":2,"2":2,"3":2,"4":2,"5":2,"6":2,"7":2,"8":1,"9":2,"10":2,"11":0,"12":0,"13":2},"f":{"0":1,"1":0,"2":0},"b":{},"_coverageSchema":"1a1c01bbd47fc00a2c39e90264f33305004495a9","hash":"f710d1432f79403b5df403cfa792f03c0b7c2720"}
,"/home/wajeeh/basic-express-server/src/error-handlers/404.js": {"path":"/home/wajeeh/basic-express-server/src/error-handlers/404.js","statementMap":{"0":{"start":{"line":2,"column":0},"end":{"line":8,"column":2}},"1":{"start":{"line":3,"column":4},"end":{"line":7,"column":7}}},"fnMap":{"0":{"name":"(anonymous_0)","decl":{"start":{"line":2,"column":17},"end":{"line":2,"column":18}},"loc":{"start":{"line":2,"column":37},"end":{"line":8,"column":1}},"line":2}},"branchMap":{},"s":{"0":2,"1":2},"f":{"0":2},"b":{},"_coverageSchema":"1a1c01bbd47fc00a2c39e90264f33305004495a9","hash":"730f32876352aa2adca725e7c28c7dce3bbc6d92"}
,"/home/wajeeh/basic-express-server/src/error-handlers/500.js": {"path":"/home/wajeeh/basic-express-server/src/error-handlers/500.js","statementMap":{"0":{"start":{"line":2,"column":0},"end":{"line":8,"column":2}},"1":{"start":{"line":3,"column":4},"end":{"line":7,"column":7}}},"fnMap":{"0":{"name":"(anonymous_0)","decl":{"start":{"line":2,"column":17},"end":{"line":2,"column":18}},"loc":{"start":{"line":2,"column":44},"end":{"line":8,"column":1}},"line":2}},"branchMap":{},"s":{"0":2,"1":1},"f":{"0":1},"b":{},"_coverageSchema":"1a1c01bbd47fc00a2c39e90264f33305004495a9","hash":"7031408ffba8c9f187210946936570d92f813056"}
,"/home/wajeeh/basic-express-server/src/middleware/logger.js": {"path":"/home/wajeeh/basic-express-server/src/middleware/logger.js","statementMap":{"0":{"start":{"line":2,"column":15},"end":{"line":5,"column":1}},"1":{"start":{"line":3,"column":4},"end":{"line":3,"column":51}},"2":{"start":{"line":4,"column":4},"end":{"line":4,"column":11}},"3":{"start":{"line":7,"column":0},"end":{"line":7,"column":24}}},"fnMap":{"0":{"name":"(anonymous_0)","decl":{"start":{"line":2,"column":15},"end":{"line":2,"column":16}},"loc":{"start":{"line":2,"column":35},"end":{"line":5,"column":1}},"line":2}},"branchMap":{},"s":{"0":3,"1":5,"2":5,"3":3},"f":{"0":5},"b":{},"_coverageSchema":"1a1c01bbd47fc00a2c39e90264f33305004495a9","hash":"8957ec166c7a575b265a2d5315de4659fb0d76e9"}
,"/home/wajeeh/basic-express-server/src/middleware/validator.js": {"path":"/home/wajeeh/basic-express-server/src/middleware/validator.js","statementMap":{"0":{"start":{"line":3,"column":18},"end":{"line":15,"column":1}},"1":{"start":{"line":5,"column":4},"end":{"line":13,"column":5}},"2":{"start":{"line":6,"column":8},"end":{"line":10,"column":9}},"3":{"start":{"line":7,"column":12},"end":{"line":7,"column":39}},"4":{"start":{"line":9,"column":12},"end":{"line":9,"column":19}},"5":{"start":{"line":12,"column":8},"end":{"line":12,"column":29}},"6":{"start":{"line":17,"column":0},"end":{"line":17,"column":26}}},"fnMap":{"0":{"name":"(anonymous_0)","decl":{"start":{"line":3,"column":18},"end":{"line":3,"column":19}},"loc":{"start":{"line":3,"column":38},"end":{"line":15,"column":1}},"line":3}},"branchMap":{"0":{"loc":{"start":{"line":5,"column":4},"end":{"line":13,"column":5}},"type":"if","locations":[{"start":{"line":5,"column":4},"end":{"line":13,"column":5}},{"start":{"line":11,"column":11},"end":{"line":13,"column":5}}],"line":5},"1":{"loc":{"start":{"line":6,"column":8},"end":{"line":10,"column":9}},"type":"if","locations":[{"start":{"line":6,"column":8},"end":{"line":10,"column":9}},{"start":{"line":8,"column":15},"end":{"line":10,"column":9}}],"line":6}},"s":{"0":2,"1":2,"2":1,"3":0,"4":1,"5":1,"6":2},"f":{"0":2},"b":{"0":[1,1],"1":[0,1]},"_coverageSchema":"1a1c01bbd47fc00a2c39e90264f33305004495a9","hash":"ae7144b5016fc82d988f357110b688c55e5f60e4"}
}
