TN:
SF:src/server.js
FN:11,(anonymous_0)
FN:21,start
FN:22,(anonymous_2)
FNF:3
FNH:1
FNDA:1,(anonymous_0)
FNDA:0,start
FNDA:0,(anonymous_2)
DA:1,2
DA:2,2
DA:3,2
DA:4,2
DA:5,2
DA:6,2
DA:8,2
DA:11,2
DA:12,1
DA:18,2
DA:19,2
DA:22,0
DA:23,0
DA:26,2
LF:14
LH:12
BRF:0
BRH:0
end_of_record
TN:
SF:src/error-handlers/404.js
FN:2,(anonymous_0)
FNF:1
FNH:1
FNDA:2,(anonymous_0)
DA:2,2
DA:3,2
LF:2
LH:2
BRF:0
BRH:0
end_of_record
TN:
SF:src/error-handlers/500.js
FN:2,(anonymous_0)
FNF:1
FNH:1
FNDA:1,(anonymous_0)
DA:2,2
DA:3,1
LF:2
LH:2
BRF:0
BRH:0
end_of_record
TN:
SF:src/middleware/logger.js
FN:2,(anonymous_0)
FNF:1
FNH:1
FNDA:5,(anonymous_0)
DA:2,3
DA:3,5
DA:4,5
DA:7,3
LF:4
LH:4
BRF:0
BRH:0
end_of_record
TN:
SF:src/middleware/validator.js
FN:3,(anonymous_0)
FNF:1
FNH:1
FNDA:2,(anonymous_0)
DA:3,2
DA:5,2
DA:6,1
DA:7,0
DA:9,1
DA:12,1
DA:17,2
LF:7
LH:6
BRDA:5,0,0,1
BRDA:5,0,1,1
BRDA:6,1,0,0
BRDA:6,1,1,1
BRF:4
BRH:3
end_of_record
